<?xml version="1.0" encoding="UTF-8"?>
<!-- Generated by org.testng.reporters.JUnitReportReporter -->
<testsuite hostname="LAPTOP-T5DVS1MN" failures="0" tests="1" name="FrameworkTestCases.loginTest" time="0.220" errors="0" timestamp="2021-08-29T22:10:53 BST" skipped="0">
  <testcase classname="FrameworkTestCases.loginTest" name="checkLogin" time="0.220"/>
  <system-out/>
</testsuite> <!-- FrameworkTestCases.loginTest -->
